<?xml version="1.0" encoding="UTF-8"?>
<!-- Generated by org.testng.reporters.JUnitReportReporter -->
<testsuite hostname="LAPTOP-UVI8TRVM" failures="0" tests="2" name="DemoShoppingWebsite.MyOrders" time="65.444" errors="0" timestamp="2021-12-10T13:38:57 IST" skipped="0">
  <testcase classname="DemoShoppingWebsite.MyOrders" name="login" time="65.428"/>
  <system-out/>
  <testcase classname="DemoShoppingWebsite.MyOrders" name="Download" time="0.016"/>
  <system-out/>
</testsuite> <!-- DemoShoppingWebsite.MyOrders -->
