<?xml version="1.0" encoding="UTF-8"?>
<!-- Generated by org.testng.reporters.JUnitReportReporter -->
<testsuite hostname="LAPTOP-UVI8TRVM" failures="0" tests="1" name="DemoShoppingWebsite.ContactUs" time="1.930" errors="0" timestamp="2021-11-28T23:07:29 IST" skipped="0">
  <testcase classname="DemoShoppingWebsite.ContactUs" name="ContactLink" time="1.930"/>
  <system-out/>
</testsuite> <!-- DemoShoppingWebsite.ContactUs -->
